# JRE version: OpenJDK Runtime Environment Temurin-17.0.4+8 (17.0.4+8) (build 17.0.4+8)
# Java VM: OpenJDK 64-Bit Server VM Temurin-17.0.4+8 (17.0.4+8, mixed mode, emulated-client, tiered, compressed oops, compressed class ptrs, g1 gc, linux-amd64)
GC Precious Log:
 CPUs: 12 total, 12 available
 Memory: 31698M
 Large Page Support: Disabled
 NUMA Support: Disabled
 Compressed Oops: Enabled (Zero based)
 Heap Region Size: 4M
 Heap Min Capacity: 8M
 Heap Initial Capacity: 496M
 Heap Max Capacity: 7928M
 Pre-touch: Disabled
 Parallel Workers: 10
 Concurrent Workers: 3
 Concurrent Refinement Workers: 10
 Periodic GC: Disabled
Heap:
 garbage-first heap   total 315392K, used 118139K [0x0000000610800000, 0x0000000800000000)
  region size 4096K, 23 young (94208K), 4 survivors (16384K)
 Metaspace       used 96327K, committed 97088K, reserved 1138688K
  class space    used 13442K, committed 13824K, reserved 1048576K
GC Heap History (20 events):
Event: 2.274 GC heap before
{Heap before GC invocations=11 (full 0):
 garbage-first heap   total 98304K, used 66702K [0x0000000610800000, 0x0000000800000000)
  region size 4096K, 12 young (49152K), 1 survivors (4096K)
 Metaspace       used 40960K, committed 41408K, reserved 1089536K
  class space    used 5154K, committed 5312K, reserved 1048576K
}
Event: 2.276 GC heap after
{Heap after GC invocations=12 (full 0):
 garbage-first heap   total 98304K, used 23200K [0x0000000610800000, 0x0000000800000000)
  region size 4096K, 1 young (4096K), 1 survivors (4096K)
 Metaspace       used 40960K, committed 41408K, reserved 1089536K
  class space    used 5154K, committed 5312K, reserved 1048576K
}
Event: 2.532 GC heap before
{Heap before GC invocations=12 (full 0):
 garbage-first heap   total 98304K, used 68256K [0x0000000610800000, 0x0000000800000000)
  region size 4096K, 12 young (49152K), 1 survivors (4096K)
 Metaspace       used 44552K, committed 45056K, reserved 1089536K
  class space    used 5660K, committed 5888K, reserved 1048576K
}
Event: 2.535 GC heap after
{Heap after GC invocations=13 (full 0):
 garbage-first heap   total 98304K, used 25661K [0x0000000610800000, 0x0000000800000000)
  region size 4096K, 2 young (8192K), 2 survivors (8192K)
 Metaspace       used 44552K, committed 45056K, reserved 1089536K
  class space    used 5660K, committed 5888K, reserved 1048576K
}
Event: 2.809 GC heap before
{Heap before GC invocations=13 (full 0):
 garbage-first heap   total 98304K, used 66621K [0x0000000610800000, 0x0000000800000000)
  region size 4096K, 12 young (49152K), 2 survivors (8192K)
 Metaspace       used 48151K, committed 48640K, reserved 1097728K
  class space    used 6111K, committed 6336K, reserved 1048576K
}
Event: 2.812 GC heap after
{Heap after GC invocations=14 (full 0):
 garbage-first heap   total 303104K, used 27272K [0x0000000610800000, 0x0000000800000000)
  region size 4096K, 2 young (8192K), 2 survivors (8192K)
 Metaspace       used 48151K, committed 48640K, reserved 1097728K
  class space    used 6111K, committed 6336K, reserved 1048576K
}
Event: 3.413 GC heap before
{Heap before GC invocations=14 (full 0):
 garbage-first heap   total 303104K, used 150152K [0x0000000610800000, 0x0000000800000000)
  region size 4096K, 33 young (135168K), 2 survivors (8192K)
 Metaspace       used 59593K, committed 60096K, reserved 1105920K
  class space    used 7805K, committed 8064K, reserved 1048576K
}
Event: 3.416 GC heap after
{Heap after GC invocations=15 (full 0):
 garbage-first heap   total 303104K, used 29971K [0x0000000610800000, 0x0000000800000000)
  region size 4096K, 2 young (8192K), 2 survivors (8192K)
 Metaspace       used 59593K, committed 60096K, reserved 1105920K
  class space    used 7805K, committed 8064K, reserved 1048576K
}
Event: 3.749 GC heap before
{Heap before GC invocations=16 (full 0):
 garbage-first heap   total 122880K, used 95507K [0x0000000610800000, 0x0000000800000000)
  region size 4096K, 18 young (73728K), 2 survivors (8192K)
 Metaspace       used 65923K, committed 66432K, reserved 1114112K
  class space    used 8771K, committed 9024K, reserved 1048576K
}
Event: 3.752 GC heap after
{Heap after GC invocations=17 (full 0):
 garbage-first heap   total 122880K, used 31343K [0x0000000610800000, 0x0000000800000000)
  region size 4096K, 2 young (8192K), 2 survivors (8192K)
 Metaspace       used 65923K, committed 66432K, reserved 1114112K
  class space    used 8771K, committed 9024K, reserved 1048576K
}
Event: 3.767 GC heap before
{Heap before GC invocations=17 (full 0):
 garbage-first heap   total 122880K, used 35439K [0x0000000610800000, 0x0000000800000000)
  region size 4096K, 3 young (12288K), 2 survivors (8192K)
 Metaspace       used 66168K, committed 66752K, reserved 1114112K
  class space    used 8805K, committed 9088K, reserved 1048576K
}
Event: 3.770 GC heap after
{Heap after GC invocations=18 (full 0):
 garbage-first heap   total 122880K, used 32544K [0x0000000610800000, 0x0000000800000000)
  region size 4096K, 1 young (4096K), 1 survivors (4096K)
 Metaspace       used 66168K, committed 66752K, reserved 1114112K
  class space    used 8805K, committed 9088K, reserved 1048576K
}
Event: 4.084 GC heap before
{Heap before GC invocations=18 (full 0):
 garbage-first heap   total 122880K, used 93984K [0x0000000610800000, 0x0000000800000000)
  region size 4096K, 16 young (65536K), 1 survivors (4096K)
 Metaspace       used 71218K, committed 71808K, reserved 1114112K
  class space    used 9607K, committed 9920K, reserved 1048576K
}
Event: 4.085 GC heap after
{Heap after GC invocations=19 (full 0):
 garbage-first heap   total 122880K, used 31988K [0x0000000610800000, 0x0000000800000000)
  region size 4096K, 1 young (4096K), 1 survivors (4096K)
 Metaspace       used 71218K, committed 71808K, reserved 1114112K
  class space    used 9607K, committed 9920K, reserved 1048576K
}
Event: 4.465 GC heap before
{Heap before GC invocations=20 (full 0):
 garbage-first heap   total 122880K, used 97524K [0x0000000610800000, 0x0000000800000000)
  region size 4096K, 17 young (69632K), 1 survivors (4096K)
 Metaspace       used 75979K, committed 76608K, reserved 1122304K
  class space    used 10384K, committed 10688K, reserved 1048576K
}
Event: 4.469 GC heap after
{Heap after GC invocations=21 (full 0):
 garbage-first heap   total 122880K, used 35305K [0x0000000610800000, 0x0000000800000000)
  region size 4096K, 2 young (8192K), 2 survivors (8192K)
 Metaspace       used 75979K, committed 76608K, reserved 1122304K
  class space    used 10384K, committed 10688K, reserved 1048576K
}
Event: 4.679 GC heap before
{Heap before GC invocations=21 (full 0):
 garbage-first heap   total 122880K, used 88553K [0x0000000610800000, 0x0000000800000000)
  region size 4096K, 16 young (65536K), 2 survivors (8192K)
 Metaspace       used 79953K, committed 80576K, reserved 1122304K
  class space    used 11049K, committed 11328K, reserved 1048576K
}
Event: 4.682 GC heap after
{Heap after GC invocations=22 (full 0):
 garbage-first heap   total 315392K, used 36889K [0x0000000610800000, 0x0000000800000000)
  region size 4096K, 2 young (8192K), 2 survivors (8192K)
 Metaspace       used 79953K, committed 80576K, reserved 1122304K
  class space    used 11049K, committed 11328K, reserved 1048576K
}
Event: 5.844 GC heap before
{Heap before GC invocations=22 (full 0):
 garbage-first heap   total 315392K, used 217113K [0x0000000610800000, 0x0000000800000000)
  region size 4096K, 46 young (188416K), 2 survivors (8192K)
 Metaspace       used 91695K, committed 92416K, reserved 1130496K
  class space    used 12851K, committed 13184K, reserved 1048576K
}
Event: 5.851 GC heap after
{Heap after GC invocations=23 (full 0):
 garbage-first heap   total 315392K, used 44411K [0x0000000610800000, 0x0000000800000000)
  region size 4096K, 4 young (16384K), 4 survivors (16384K)
 Metaspace       used 91695K, committed 92416K, reserved 1130496K
  class space    used 12851K, committed 13184K, reserved 1048576K
}

